[0.036s] Invoking command in '/home/blade_master/pnx/rmvision/build/rm_serial_driver': AMENT_PREFIX_PATH=/home/blade_master/pnx/rmvision/install/auto_aim_interfaces:${AMENT_PREFIX_PATH} CMAKE_PREFIX_PATH=/home/blade_master/pnx/rmvision/install/auto_aim_interfaces:/opt/ros/humble LD_LIBRARY_PATH=/home/blade_master/pnx/rmvision/install/auto_aim_interfaces/lib:/opt/MVS/lib/64:/opt/MVS/lib/32:/opt/MVS/lib/64:/opt/MVS/lib/32:/opt/MVS/lib/64:/opt/MVS/lib/32:/opt/ros/humble/opt/rviz_ogre_vendor/lib:/opt/ros/humble/lib/x86_64-linux-gnu:/opt/ros/humble/lib:/opt/MVS/lib/64:/opt/MVS/lib/32 PYTHONPATH=/home/blade_master/pnx/rmvision/install/auto_aim_interfaces/local/lib/python3.10/dist-packages:${PYTHONPATH} /usr/bin/cmake --build /home/blade_master/pnx/rmvision/build/rm_serial_driver -- -j22 -l22
[0.064s] [35m[1mConsolidate compiler generated dependencies of target rm_serial_driver[0m
[0.065s] [35m[1mConsolidate compiler generated dependencies of target rm_serial_driver_node[0m
[0.079s] [ 40%] Built target rm_serial_driver_node
[0.083s] [ 60%] [32mBuilding CXX object CMakeFiles/rm_serial_driver.dir/src/rm_serial_driver.cpp.o[0m
[0.516s] [01m[K/home/blade_master/pnx/rmvision/src/rm_serial_driver/src/rm_serial_driver.cpp:213:78:[m[K [01;31m[Kerror: [m[Kmissing terminating " character [[01;31m[K-Werror[m[K]
[0.516s]   213 |                   ">> Sending packet: distance=%.2f, angle=%.2f", stability=%[01;31m[Ku[m[K",
[0.516s]       |                                                                              [01;31m[K^[m[K
[0.516s] In file included from [01m[K/opt/ros/humble/include/rclcpp/rclcpp/logging.hpp:24[m[K,
[0.516s]                  from [01m[K/home/blade_master/pnx/rmvision/src/rm_serial_driver/src/rm_serial_driver.cpp:6[m[K:
[0.516s] [01m[K/home/blade_master/pnx/rmvision/src/rm_serial_driver/src/rm_serial_driver.cpp:213:78:[m[K [01;31m[Kerror: [m[Kstray â€˜[01m[Ku[m[Kâ€™ in program
[0.517s]   213 |                   ">> Sending packet: distance=%.2f, angle=%.2f", stability=%[01;31m[Ku",[m[K
[0.517s]       |                                                                              [01;31m[K^~~[m[K
[3.116s] [01m[K/home/blade_master/pnx/rmvision/src/rm_serial_driver/src/rm_serial_driver.cpp:[m[K In member function â€˜[01m[Kvoid rm_serial_driver::RMSerialDriver::sendData(auto_aim_interfaces::msg::Send_<std::allocator<void> >::SharedPtr)[m[Kâ€™:
[3.117s] [01m[K/home/blade_master/pnx/rmvision/src/rm_serial_driver/src/rm_serial_driver.cpp:213:67:[m[K [01;31m[Kerror: [m[Kâ€˜[01m[Kstability[m[Kâ€™ was not declared in this scope
[3.117s]   213 |                   ">> Sending packet: distance=%.2f, angle=%.2f", [01;31m[Kstability[m[K=%u",
[3.117s]       |                                                                   [01;31m[K^~~~~~~~~[m[K
[3.117s] [01m[K/home/blade_master/pnx/rmvision/src/rm_serial_driver/src/rm_serial_driver.cpp:213:77:[m[K [01;31m[Kerror: [m[Kexpected primary-expression before â€˜[01m[K%[m[Kâ€™ token
[3.117s]   213 |                   ">> Sending packet: distance=%.2f, angle=%.2f", stability=[01;31m[K%[m[Ku",
[3.117s]       |                                                                             [01;31m[K^[m[K
[6.146s] cc1plus: all warnings being treated as errors
[6.167s] gmake[2]: *** [CMakeFiles/rm_serial_driver.dir/build.make:76: CMakeFiles/rm_serial_driver.dir/src/rm_serial_driver.cpp.o] Error 1
[6.167s] gmake[1]: *** [CMakeFiles/Makefile2:139: CMakeFiles/rm_serial_driver.dir/all] Error 2
[6.167s] gmake: *** [Makefile:146: all] Error 2
[6.169s] Invoked command in '/home/blade_master/pnx/rmvision/build/rm_serial_driver' returned '2': AMENT_PREFIX_PATH=/home/blade_master/pnx/rmvision/install/auto_aim_interfaces:${AMENT_PREFIX_PATH} CMAKE_PREFIX_PATH=/home/blade_master/pnx/rmvision/install/auto_aim_interfaces:/opt/ros/humble LD_LIBRARY_PATH=/home/blade_master/pnx/rmvision/install/auto_aim_interfaces/lib:/opt/MVS/lib/64:/opt/MVS/lib/32:/opt/MVS/lib/64:/opt/MVS/lib/32:/opt/MVS/lib/64:/opt/MVS/lib/32:/opt/ros/humble/opt/rviz_ogre_vendor/lib:/opt/ros/humble/lib/x86_64-linux-gnu:/opt/ros/humble/lib:/opt/MVS/lib/64:/opt/MVS/lib/32 PYTHONPATH=/home/blade_master/pnx/rmvision/install/auto_aim_interfaces/local/lib/python3.10/dist-packages:${PYTHONPATH} /usr/bin/cmake --build /home/blade_master/pnx/rmvision/build/rm_serial_driver -- -j22 -l22
