[0.108s] Invoking command in '/home/blade_master/pnx/rmvision/build/rm_serial_driver': AMENT_PREFIX_PATH=/home/blade_master/pnx/rmvision/install/auto_aim_interfaces:${AMENT_PREFIX_PATH} CMAKE_PREFIX_PATH=/home/blade_master/pnx/rmvision/install/auto_aim_interfaces:/opt/ros/humble LD_LIBRARY_PATH=/home/blade_master/pnx/rmvision/install/auto_aim_interfaces/lib:/opt/MVS/lib/64:/opt/MVS/lib/32:/opt/MVS/lib/64:/opt/MVS/lib/32:/opt/MVS/lib/64:/opt/MVS/lib/32:/opt/ros/humble/opt/rviz_ogre_vendor/lib:/opt/ros/humble/lib/x86_64-linux-gnu:/opt/ros/humble/lib:/opt/MVS/lib/64:/opt/MVS/lib/32 PYTHONPATH=/home/blade_master/pnx/rmvision/install/auto_aim_interfaces/local/lib/python3.10/dist-packages:${PYTHONPATH} /usr/bin/cmake /home/blade_master/pnx/rmvision/src/rm_serial_driver -DAMENT_CMAKE_SYMLINK_INSTALL=1 -DCMAKE_INSTALL_PREFIX=/home/blade_master/pnx/rmvision/install/rm_serial_driver
[0.238s] -- The C compiler identification is GNU 11.4.0
[0.663s] -- The CXX compiler identification is GNU 11.4.0
[0.934s] -- Detecting C compiler ABI info
[1.103s] -- Detecting C compiler ABI info - done
[1.115s] -- Check for working C compiler: /usr/bin/cc - skipped
[1.115s] -- Detecting C compile features
[1.116s] -- Detecting C compile features - done
[1.121s] -- Detecting CXX compiler ABI info
[1.289s] -- Detecting CXX compiler ABI info - done
[1.298s] -- Check for working CXX compiler: /usr/bin/c++ - skipped
[1.299s] -- Detecting CXX compile features
[1.300s] -- Detecting CXX compile features - done
[1.301s] -- Found ament_cmake_auto: 1.3.11 (/opt/ros/humble/share/ament_cmake_auto/cmake)
[1.523s] -- Found Python3: /usr/bin/python3 (found version "3.10.12") found components: Interpreter 
[1.622s] -- Override CMake install command with custom implementation using symlinks instead of copying resources
[1.656s] -- Found auto_aim_interfaces: 0.0.0 (/home/blade_master/pnx/rmvision/install/auto_aim_interfaces/share/auto_aim_interfaces/cmake)
[1.884s] -- Found rosidl_generator_c: 3.1.6 (/opt/ros/humble/share/rosidl_generator_c/cmake)
[1.891s] -- Found rosidl_adapter: 3.1.6 (/opt/ros/humble/share/rosidl_adapter/cmake)
[1.905s] -- Found rosidl_generator_cpp: 3.1.6 (/opt/ros/humble/share/rosidl_generator_cpp/cmake)
[1.920s] -- Using all available rosidl_typesupport_c: rosidl_typesupport_fastrtps_c;rosidl_typesupport_introspection_c
[1.937s] -- Using all available rosidl_typesupport_cpp: rosidl_typesupport_fastrtps_cpp;rosidl_typesupport_introspection_cpp
[2.218s] -- Found rmw_implementation_cmake: 6.1.2 (/opt/ros/humble/share/rmw_implementation_cmake/cmake)
[2.221s] -- Found rmw_fastrtps_cpp: 6.2.7 (/opt/ros/humble/share/rmw_fastrtps_cpp/cmake)
[3.641s] -- Found OpenSSL: /usr/lib/x86_64-linux-gnu/libcrypto.so (found version "3.0.2")  
[4.799s] -- Found FastRTPS: /opt/ros/humble/include  
[6.981s] -- Using RMW implementation 'rmw_fastrtps_cpp' as default
[6.987s] -- Looking for pthread.h
[7.091s] -- Looking for pthread.h - found
[7.092s] -- Performing Test CMAKE_HAVE_LIBC_PTHREAD
[7.191s] -- Performing Test CMAKE_HAVE_LIBC_PTHREAD - Success
[7.193s] -- Found Threads: TRUE  
[7.280s] -- Found asio_cmake_module: 1.2.0 (/opt/ros/humble/share/asio_cmake_module/cmake)
[7.304s] -- Found ASIO: /usr/include  
[7.483s] -- Found eigen3_cmake_module: 0.1.1 (/opt/ros/humble/share/eigen3_cmake_module/cmake)
[7.485s] -- Found Eigen3: TRUE (found version "3.4.0") 
[7.485s] -- Ensuring Eigen3 include directory is part of orocos-kdl CMake target
[7.567s] -- Found ament_lint_auto: 0.12.12 (/opt/ros/humble/share/ament_lint_auto/cmake)
[7.594s] -- Added test 'cppcheck' to perform static code analysis on C / C++ code
[7.594s] -- Configured cppcheck include dirs: /home/blade_master/pnx/rmvision/src/rm_serial_driver/include
[7.594s] -- Configured cppcheck exclude dirs and/or files: 
[7.595s] -- Added test 'cpplint' to check C / C++ code against the Google style
[7.595s] -- Configured cpplint exclude dirs and/or files: 
[7.596s] -- Added test 'flake8' to check Python code syntax and style conventions
[7.597s] -- Added test 'lint_cmake' to check CMake code style
[7.597s] -- Added test 'pep257' to check Python code against some of the docstring style conventions in PEP 257
[7.598s] -- Added test 'xmllint' to check XML markup files
[7.600s] -- Added test 'clang_format' to check C / C++ code style
[7.603s] -- Configuring done
[7.648s] -- Generating done
[7.655s] -- Build files have been written to: /home/blade_master/pnx/rmvision/build/rm_serial_driver
[7.669s] Invoked command in '/home/blade_master/pnx/rmvision/build/rm_serial_driver' returned '0': AMENT_PREFIX_PATH=/home/blade_master/pnx/rmvision/install/auto_aim_interfaces:${AMENT_PREFIX_PATH} CMAKE_PREFIX_PATH=/home/blade_master/pnx/rmvision/install/auto_aim_interfaces:/opt/ros/humble LD_LIBRARY_PATH=/home/blade_master/pnx/rmvision/install/auto_aim_interfaces/lib:/opt/MVS/lib/64:/opt/MVS/lib/32:/opt/MVS/lib/64:/opt/MVS/lib/32:/opt/MVS/lib/64:/opt/MVS/lib/32:/opt/ros/humble/opt/rviz_ogre_vendor/lib:/opt/ros/humble/lib/x86_64-linux-gnu:/opt/ros/humble/lib:/opt/MVS/lib/64:/opt/MVS/lib/32 PYTHONPATH=/home/blade_master/pnx/rmvision/install/auto_aim_interfaces/local/lib/python3.10/dist-packages:${PYTHONPATH} /usr/bin/cmake /home/blade_master/pnx/rmvision/src/rm_serial_driver -DAMENT_CMAKE_SYMLINK_INSTALL=1 -DCMAKE_INSTALL_PREFIX=/home/blade_master/pnx/rmvision/install/rm_serial_driver
[7.671s] Invoking command in '/home/blade_master/pnx/rmvision/build/rm_serial_driver': AMENT_PREFIX_PATH=/home/blade_master/pnx/rmvision/install/auto_aim_interfaces:${AMENT_PREFIX_PATH} CMAKE_PREFIX_PATH=/home/blade_master/pnx/rmvision/install/auto_aim_interfaces:/opt/ros/humble LD_LIBRARY_PATH=/home/blade_master/pnx/rmvision/install/auto_aim_interfaces/lib:/opt/MVS/lib/64:/opt/MVS/lib/32:/opt/MVS/lib/64:/opt/MVS/lib/32:/opt/MVS/lib/64:/opt/MVS/lib/32:/opt/ros/humble/opt/rviz_ogre_vendor/lib:/opt/ros/humble/lib/x86_64-linux-gnu:/opt/ros/humble/lib:/opt/MVS/lib/64:/opt/MVS/lib/32 PYTHONPATH=/home/blade_master/pnx/rmvision/install/auto_aim_interfaces/local/lib/python3.10/dist-packages:${PYTHONPATH} /usr/bin/cmake --build /home/blade_master/pnx/rmvision/build/rm_serial_driver -- -j22 -l22
[7.713s] [ 20%] [32mBuilding CXX object CMakeFiles/rm_serial_driver_node.dir/rclcpp_components/node_main_rm_serial_driver_node.cpp.o[0m
[7.713s] [ 60%] [32mBuilding CXX object CMakeFiles/rm_serial_driver.dir/src/crc.cpp.o[0m
[7.713s] [ 60%] [32mBuilding CXX object CMakeFiles/rm_serial_driver.dir/src/rm_serial_driver.cpp.o[0m
[8.323s] [01m[K/home/blade_master/pnx/rmvision/src/rm_serial_driver/src/rm_serial_driver.cpp:213:78:[m[K [01;31m[Kerror: [m[Kmissing terminating " character [[01;31m[K-Werror[m[K]
[8.323s]   213 |                   ">> Sending packet: distance=%.2f, angle=%.2f", stability=%[01;31m[Ku[m[K",
[8.323s]       |                                                                              [01;31m[K^[m[K
[8.323s] In file included from [01m[K/opt/ros/humble/include/rclcpp/rclcpp/logging.hpp:24[m[K,
[8.323s]                  from [01m[K/home/blade_master/pnx/rmvision/src/rm_serial_driver/src/rm_serial_driver.cpp:6[m[K:
[8.323s] [01m[K/home/blade_master/pnx/rmvision/src/rm_serial_driver/src/rm_serial_driver.cpp:213:78:[m[K [01;31m[Kerror: [m[Kstray â€˜[01m[Ku[m[Kâ€™ in program
[8.324s]   213 |                   ">> Sending packet: distance=%.2f, angle=%.2f", stability=%[01;31m[Ku",[m[K
[8.324s]       |                                                                              [01;31m[K^~~[m[K
[11.891s] [ 80%] [32m[1mLinking CXX executable rm_serial_driver_node[0m
[12.108s] [ 80%] Built target rm_serial_driver_node
[12.689s] [01m[K/home/blade_master/pnx/rmvision/src/rm_serial_driver/src/rm_serial_driver.cpp:[m[K In member function â€˜[01m[Kvoid rm_serial_driver::RMSerialDriver::sendData(auto_aim_interfaces::msg::Send_<std::allocator<void> >::SharedPtr)[m[Kâ€™:
[12.689s] [01m[K/home/blade_master/pnx/rmvision/src/rm_serial_driver/src/rm_serial_driver.cpp:213:67:[m[K [01;31m[Kerror: [m[Kâ€˜[01m[Kstability[m[Kâ€™ was not declared in this scope
[12.689s]   213 |                   ">> Sending packet: distance=%.2f, angle=%.2f", [01;31m[Kstability[m[K=%u",
[12.689s]       |                                                                   [01;31m[K^~~~~~~~~[m[K
[12.689s] [01m[K/home/blade_master/pnx/rmvision/src/rm_serial_driver/src/rm_serial_driver.cpp:213:77:[m[K [01;31m[Kerror: [m[Kexpected primary-expression before â€˜[01m[K%[m[Kâ€™ token
[12.690s]   213 |                   ">> Sending packet: distance=%.2f, angle=%.2f", stability=[01;31m[K%[m[Ku",
[12.690s]       |                                                                             [01;31m[K^[m[K
[16.536s] cc1plus: all warnings being treated as errors
[16.568s] gmake[2]: *** [CMakeFiles/rm_serial_driver.dir/build.make:76: CMakeFiles/rm_serial_driver.dir/src/rm_serial_driver.cpp.o] Error 1
[16.568s] gmake[1]: *** [CMakeFiles/Makefile2:139: CMakeFiles/rm_serial_driver.dir/all] Error 2
[16.568s] gmake: *** [Makefile:146: all] Error 2
[16.571s] Invoked command in '/home/blade_master/pnx/rmvision/build/rm_serial_driver' returned '2': AMENT_PREFIX_PATH=/home/blade_master/pnx/rmvision/install/auto_aim_interfaces:${AMENT_PREFIX_PATH} CMAKE_PREFIX_PATH=/home/blade_master/pnx/rmvision/install/auto_aim_interfaces:/opt/ros/humble LD_LIBRARY_PATH=/home/blade_master/pnx/rmvision/install/auto_aim_interfaces/lib:/opt/MVS/lib/64:/opt/MVS/lib/32:/opt/MVS/lib/64:/opt/MVS/lib/32:/opt/MVS/lib/64:/opt/MVS/lib/32:/opt/ros/humble/opt/rviz_ogre_vendor/lib:/opt/ros/humble/lib/x86_64-linux-gnu:/opt/ros/humble/lib:/opt/MVS/lib/64:/opt/MVS/lib/32 PYTHONPATH=/home/blade_master/pnx/rmvision/install/auto_aim_interfaces/local/lib/python3.10/dist-packages:${PYTHONPATH} /usr/bin/cmake --build /home/blade_master/pnx/rmvision/build/rm_serial_driver -- -j22 -l22
